ckn5qI7NsMNRMCHB2ULLoobpoWdD087b
33aQRdcUF988hVQ83js43jqe9H84vLc8
EUnpg4h5EQ9r025hM0754eT7WSh5KK9t
fzaAHTA6DzaEjj6KNNG6L5IGBDCg3vmI
66nzwo174UJD2c7ZacBzC67VsalDo21l
HJa0X7285d22ZJc2bDicT78w3lG8DRwA
ionXm8r9c4bduClf8s1TwIdlAw396QHd
99awNNK0bhwQ57uI95WWnDs2rhwghbgS
KYnHciP1O6F5wqR5CWR10kVN605DW6Rv
ldagD162NZ6q7jAoDly21f2CZ1aM9XqK
22n5sYb30ixpMQJRq85h2a3dq2V3aWB7
NNaETtgo1DGChJ48rPMkB3q6938gPh8C
osndi4Zv2mB9O25x4eHBS4f70IZD20L9
55aOJ50cl10cjx6A51oEv5IUDT0MtD0U
QCnnySljkqtP2qv1SI97mEXJuEp7ICV1
rha0ZnqqX3C2ZXegTxC8dZ8k3P2g5n2M
88nLo8JxWI334QnJgYjp8gd1Cmtpm4r3
TRakPD4e754oB7K4hnes9bs2txOMB54E
uwnVey5l8MpBw8Tp063JAwVB6i518Ib5
11auF1as9vY67xCS1RSMR1KQBtSgTt6i
WGn5u2TNuQ7byEL7Igz3I23rG27p08l7
xlaS9XYUtzqO9X4yv9u4l346x3iMx9Wa
44nrks9BG0lNO25BwK75cAf70495MOv9
ZVaC15kIFdU0j3605zIa5VuIF5m63zGs
aa7baIpP421nQex162pd6QXXwUHpq2f1
77803dIW5VmAlLgwXDkU7x8y3F2MF3Qk
CK9Zqm3De4V34EpZYs1XQs91EQL96U3Z
dp02594KdZQaB7M4lTY0H9s2vB40jfAc
001JgCzRci5z68Vfmif1k0hPaybpYe5R
FZ2i7xS2PDiMDlEI17aib1KE7j6M97Ku
ge35w2X3OmR7yS372M5lsWZfIufVcA7J
3x4G9N84198m9L4oNbOC3R46zfA4Rlgm
I457mij52q9ZO25RO0vF4Mf7049p2k9B
jH6Q1ro6n1e013q0bFq6PtuWH5Eyv1q0
6m7pc6H7mIN1Qszxcu97GoXxy61VKG1T
L7803H28Z32ylZiA73EqX7Mm37u85ra2
mW9Nsc39YMfL4SF38Ylta891GG3poqLL
9b0259y0Xva4n7OgDngKr902LRyyD5k4
O01XiSRl8QJl68XJEO3N0ShDcCTV8MVD
pL2w7B6s9z6YDz26rdUQ1Nwe7N62hLu6
2q35yw7zw8bXys3ps8b32IZtKkX3WwFh
R34U93igvdK8FZ4S3H64Fp46bv8y1988
sA57oMBnI0Fxa2j94w7bWk570gnVaSPz
5f6E1hGuHV0K13syT1KezfuKJrI63R00
U67de61bG2x1QgbBUArVq6jla6r7scZr
vP803Xsi5ZGk3zkQhp0Yh7Maf7MyH322
8u9BIGxp6i3jSGH3i4198OB1483V6Yvj
X9025bQKfD4Wn7Qw9TA09J02N9QElX4Y
yE1LY05Remt568ZZIihjEE1ReS51Aifb
1j2k7R6YR7Cwpn26JJ4mVlws7Dgy976Q